<?xml version="1.0" encoding="UTF-8"?>
<!-- Generated by org.testng.reporters.JUnitXMLReporter -->
<testsuite hostname="SAJAL-PC" ignored="0" name="PROJECT_Test2" tests="1" failures="0" timestamp="22 Dec 2021 11:59:12 GMT" time="0.025" errors="0">
  <testcase name="@BeforeSuite set" time="0.0" classname="LaunchBrowserDemo.LaunchBrowserDemo.AppTest">
    <failure type="org.testng.TestNGException" message="
Parameter &amp;apos;browserName&amp;apos; is required by BeforeSuite on method set but has not been marked @Optional or defined
in E:\TYDemoProject\LaunchBrowserDemo\TestSuite.xml">
      <![CDATA[org.testng.TestNGException: 
Parameter 'browserName' is required by BeforeSuite on method set but has not been marked @Optional or defined
in E:\TYDemoProject\LaunchBrowserDemo\TestSuite.xml
... Removed 16 stack frames]]>
    </failure>
  </testcase> <!-- @BeforeSuite set -->
  <testcase name="@BeforeMethod launch" time="0.0" classname="LaunchBrowserDemo.LaunchBrowserDemo.AppTest">
    <skipped/>
  </testcase> <!-- @BeforeMethod launch -->
  <testcase name="main" time="0.0" classname="LaunchBrowserDemo.LaunchBrowserDemo.AppTest">
    <skipped/>
  </testcase> <!-- main -->
</testsuite> <!-- PROJECT_Test2 -->
