<?xml version="1.0" encoding="UTF-8"?>
<!-- Generated by org.testng.reporters.JUnitXMLReporter -->
<testsuite hostname="SAJAL-PC" ignored="0" name="PROJECT_Test2" tests="1" failures="0" timestamp="01 Mar 2022 10:46:36 GMT" time="0.016" errors="0">
  <testcase name="@BeforeSuite createFiles" time="0.0" classname="com.tyss.demo.baseutil.BaseTest">
    <failure type="org.testng.TestNGException" message="
Parameter &amp;apos;browserName&amp;apos; is required by BeforeSuite on method createFiles but has not been marked @Optional or defined
in E:\TYDemoProject\CoreTeamDemoProject\TestSuite.xml">
      <![CDATA[org.testng.TestNGException: 
Parameter 'browserName' is required by BeforeSuite on method createFiles but has not been marked @Optional or defined
in E:\TYDemoProject\CoreTeamDemoProject\TestSuite.xml
... Removed 16 stack frames]]>
    </failure>
  </testcase> <!-- @BeforeSuite createFiles -->
  <testcase name="@BeforeClass launchBrowser" time="0.0" classname="com.tyss.demo.baseutil.BaseTest">
    <skipped/>
  </testcase> <!-- @BeforeClass launchBrowser -->
  <testcase name="@BeforeMethod setExtentReport" time="0.0" classname="com.tyss.demo.baseutil.BaseTest">
    <failure type="org.testng.TestNGException" message="
Parameter &amp;apos;browserName&amp;apos; is required by BeforeMethod on method setExtentReport but has not been marked @Optional or defined
in E:\TYDemoProject\CoreTeamDemoProject\TestSuite.xml">
      <![CDATA[org.testng.TestNGException: 
Parameter 'browserName' is required by BeforeMethod on method setExtentReport but has not been marked @Optional or defined
in E:\TYDemoProject\CoreTeamDemoProject\TestSuite.xml
	at java.util.concurrent.FutureTask.run(Unknown Source)
	at java.util.concurrent.ThreadPoolExecutor.runWorker(Unknown Source)
	at java.util.concurrent.ThreadPoolExecutor$Worker.run(Unknown Source)
	at java.lang.Thread.run(Unknown Source)
... Removed 15 stack frames]]>
    </failure>
  </testcase> <!-- @BeforeMethod setExtentReport -->
  <testcase name="testDemo" time="0.0" classname="com.tyss.demo.scripts.modulename.Demo">
    <skipped/>
  </testcase> <!-- testDemo -->
</testsuite> <!-- PROJECT_Test2 -->
