<?xml version="1.0" encoding="UTF-8"?>
<!-- Generated by org.testng.reporters.JUnitXMLReporter -->
<testsuite hostname="SAJAL-PC" ignored="0" name="PROJECT_Test2" tests="1" failures="0" timestamp="01 Mar 2022 11:35:33 GMT" time="11.24" errors="0">
  <testcase name="@BeforeClass launchBrowser" time="2.768" classname="com.tyss.demo.baseutil.BaseTest">
    <failure type="org.openqa.selenium.WebDriverException" message="unknown error: cannot find MSEdge binary
Build info: version: &amp;apos;3.141.59&amp;apos;, revision: &amp;apos;e82be7d358&amp;apos;, time: &amp;apos;2018-11-14T08:17:03&amp;apos;
System info: host: &amp;apos;SAJAL-PC&amp;apos;, ip: &amp;apos;192.168.1.5&amp;apos;, os.name: &amp;apos;Windows 7&amp;apos;, os.arch: &amp;apos;amd64&amp;apos;, os.version: &amp;apos;6.1&amp;apos;, java.version: &amp;apos;1.8.0_162&amp;apos;
Driver info: driver.version: CreateDriver
remote stacktrace: Backtrace:
	Microsoft::Applications::Events::EventProperties::unpack [0x000000013FA93382+22610]
	Microsoft::Applications::Events::time_ticks_t::time_ticks_t [0x000000013F9D1C52+503778]
	Ordinal0 [0x000000013F4D0FA5+659365]
	Ordinal0 [0x000000013F4F59DA+809434]
	Ordinal0 [0x000000013F4F2842+796738]
	Ordinal0 [0x000000013F52C6C6+1033926]
	Ordinal0 [0x000000013F526DF3+1011187]
	Ordinal0 [0x000000013F4FDE97+843415]
	Ordinal0 [0x000000013F4FF368+848744]
	Microsoft::Applications::Events::EventProperty::to_string [0x000000013F698BC8+848072]
	Microsoft::Applications::Events::EventProperty::EventProperty [0x000000013F78AB9D+39117]
	Microsoft::Applications::Events::EventProperty::EventProperty [0x000000013F78DE12+52034]
	Microsoft::Applications::Events::EventProperty::to_string [0x000000013F5D0906+28166]
	Microsoft::Applications::Events::time_ticks_t::time_ticks_t [0x000000013F9D88E1+531569]
	Microsoft::Applications::Events::time_ticks_t::time_ticks_t [0x000000013F9DDDC4+553300]
	Microsoft::Applications::Events::time_ticks_t::time_ticks_t [0x000000013F9DDF55+553701]
	Microsoft::Applications::Events::EventProperty::to_string [0x000000013F6A6650+904016]
	BaseThreadInitThunk [0x000000007738570D+13]
	RtlUserThreadStart [0x00000000774E385D+29]
">
      <![CDATA[org.openqa.selenium.WebDriverException: unknown error: cannot find MSEdge binary
Build info: version: '3.141.59', revision: 'e82be7d358', time: '2018-11-14T08:17:03'
System info: host: 'SAJAL-PC', ip: '192.168.1.5', os.name: 'Windows 7', os.arch: 'amd64', os.version: '6.1', java.version: '1.8.0_162'
Driver info: driver.version: CreateDriver
remote stacktrace: Backtrace:
	Microsoft::Applications::Events::EventProperties::unpack [0x000000013FA93382+22610]
	Microsoft::Applications::Events::time_ticks_t::time_ticks_t [0x000000013F9D1C52+503778]
	Ordinal0 [0x000000013F4D0FA5+659365]
	Ordinal0 [0x000000013F4F59DA+809434]
	Ordinal0 [0x000000013F4F2842+796738]
	Ordinal0 [0x000000013F52C6C6+1033926]
	Ordinal0 [0x000000013F526DF3+1011187]
	Ordinal0 [0x000000013F4FDE97+843415]
	Ordinal0 [0x000000013F4FF368+848744]
	Microsoft::Applications::Events::EventProperty::to_string [0x000000013F698BC8+848072]
	Microsoft::Applications::Events::EventProperty::EventProperty [0x000000013F78AB9D+39117]
	Microsoft::Applications::Events::EventProperty::EventProperty [0x000000013F78DE12+52034]
	Microsoft::Applications::Events::EventProperty::to_string [0x000000013F5D0906+28166]
	Microsoft::Applications::Events::time_ticks_t::time_ticks_t [0x000000013F9D88E1+531569]
	Microsoft::Applications::Events::time_ticks_t::time_ticks_t [0x000000013F9DDDC4+553300]
	Microsoft::Applications::Events::time_ticks_t::time_ticks_t [0x000000013F9DDF55+553701]
	Microsoft::Applications::Events::EventProperty::to_string [0x000000013F6A6650+904016]
	BaseThreadInitThunk [0x000000007738570D+13]
	RtlUserThreadStart [0x00000000774E385D+29]

	at org.openqa.selenium.remote.W3CHandshakeResponse.lambda$errorHandler$0(W3CHandshakeResponse.java:62)
	at org.openqa.selenium.remote.HandshakeResponse.lambda$getResponseFunction$0(HandshakeResponse.java:30)
	at org.openqa.selenium.remote.ProtocolHandshake.lambda$createSession$0(ProtocolHandshake.java:126)
	at java.util.stream.ReferencePipeline$3$1.accept(Unknown Source)
	at java.util.Spliterators$ArraySpliterator.tryAdvance(Unknown Source)
	at java.util.stream.ReferencePipeline.forEachWithCancel(Unknown Source)
	at java.util.stream.AbstractPipeline.copyIntoWithCancel(Unknown Source)
	at java.util.stream.AbstractPipeline.copyInto(Unknown Source)
	at java.util.stream.AbstractPipeline.wrapAndCopyInto(Unknown Source)
	at java.util.stream.FindOps$FindOp.evaluateSequential(Unknown Source)
	at java.util.stream.AbstractPipeline.evaluate(Unknown Source)
	at java.util.stream.ReferencePipeline.findFirst(Unknown Source)
	at org.openqa.selenium.remote.ProtocolHandshake.createSession(ProtocolHandshake.java:128)
	at org.openqa.selenium.remote.ProtocolHandshake.createSession(ProtocolHandshake.java:74)
	at org.openqa.selenium.remote.HttpCommandExecutor.execute(HttpCommandExecutor.java:136)
	at org.openqa.selenium.remote.service.DriverCommandExecutor.execute(DriverCommandExecutor.java:83)
	at org.openqa.selenium.remote.RemoteWebDriver.execute(RemoteWebDriver.java:552)
	at org.openqa.selenium.remote.RemoteWebDriver.startSession(RemoteWebDriver.java:213)
	at org.openqa.selenium.remote.RemoteWebDriver.<init>(RemoteWebDriver.java:131)
	at org.openqa.selenium.edge.EdgeDriver.<init>(EdgeDriver.java:141)
	at org.openqa.selenium.edge.EdgeDriver.<init>(EdgeDriver.java:130)
	at com.tyss.demo.baseutil.CreateDriver.launchBrowser(CreateDriver.java:202)
	at com.tyss.demo.baseutil.BaseTest.launchBrowser(BaseTest.java:129)
	at java.util.concurrent.FutureTask.run(Unknown Source)
	at java.util.concurrent.ThreadPoolExecutor.runWorker(Unknown Source)
	at java.util.concurrent.ThreadPoolExecutor$Worker.run(Unknown Source)
	at java.lang.Thread.run(Unknown Source)
... Removed 20 stack frames]]>
    </failure>
  </testcase> <!-- @BeforeClass launchBrowser -->
  <testcase name="@BeforeMethod setExtentReport" time="0.001" classname="com.tyss.demo.baseutil.BaseTest">
    <skipped/>
  </testcase> <!-- @BeforeMethod setExtentReport -->
  <testcase name="testDemo" time="0.001" classname="com.tyss.demo.scripts.modulename.Demo">
    <skipped/>
  </testcase> <!-- testDemo -->
</testsuite> <!-- PROJECT_Test2 -->
